{"numTotalTestSuites":9,"numPassedTestSuites":2,"numFailedTestSuites":7,"numPendingTestSuites":0,"numTotalTests":33,"numPassedTests":22,"numFailedTests":11,"numPendingTests":0,"numTodoTests":0,"snapshot":{"added":0,"failure":false,"filesAdded":0,"filesRemoved":0,"filesRemovedList":[],"filesUnmatched":0,"filesUpdated":0,"matched":0,"total":0,"unchecked":0,"uncheckedKeysByFile":[],"unmatched":0,"updated":0,"didUpdate":false},"startTime":1772921562974,"success":false,"testResults":[{"assertionResults":[{"ancestorTitles":["E2E: Full Backtest Pipeline"],"fullName":"E2E: Full Backtest Pipeline should complete a full backtest with realistic bull market data","status":"passed","title":"should complete a full backtest with realistic bull market data","duration":8.117399999999975,"failureMessages":[],"meta":{}},{"ancestorTitles":["E2E: Full Backtest Pipeline"],"fullName":"E2E: Full Backtest Pipeline should produce valid trades with all required fields","status":"passed","title":"should produce valid trades with all required fields","duration":4.438199999999995,"failureMessages":[],"meta":{}},{"ancestorTitles":["E2E: Full Backtest Pipeline"],"fullName":"E2E: Full Backtest Pipeline should produce valid equity curve when enabled","status":"passed","title":"should produce valid equity curve when enabled","duration":13.603699999999947,"failureMessages":[],"meta":{}},{"ancestorTitles":["E2E: Full Backtest Pipeline"],"fullName":"E2E: Full Backtest Pipeline should produce valid performance metrics","status":"passed","title":"should produce valid performance metrics","duration":3.998800000000017,"failureMessages":[],"meta":{}},{"ancestorTitles":["E2E: Full Backtest Pipeline"],"fullName":"E2E: Full Backtest Pipeline should handle random strategies without crashing (20 iterations)","status":"failed","title":"should handle random strategies without crashing (20 iterations)","duration":12.558699999999988,"failureMessages":["AssertionError: expected [Function] to not throw an error but 'TypeError: Cannot read properties of …' was thrown\n    at Proxy.<anonymous> (file:///C:/Users/PC15/Desktop/Projelerim/Learner/node_modules/@vitest/expect/dist/index.js:1485:16)\n    at Proxy.<anonymous> (file:///C:/Users/PC15/Desktop/Projelerim/Learner/node_modules/@vitest/expect/dist/index.js:1090:14)\n    at Proxy.methodWrapper (file:///C:/Users/PC15/Desktop/Projelerim/Learner/node_modules/chai/index.js:1700:25)\n    at C:/Users/PC15/Desktop/Projelerim/Learner/src/lib/engine/__tests__/integration-e2e.test.ts:302:62\n    at file:///C:/Users/PC15/Desktop/Projelerim/Learner/node_modules/@vitest/runner/dist/index.js:145:11\n    at file:///C:/Users/PC15/Desktop/Projelerim/Learner/node_modules/@vitest/runner/dist/index.js:915:26\n    at file:///C:/Users/PC15/Desktop/Projelerim/Learner/node_modules/@vitest/runner/dist/index.js:1243:20\n    at new Promise (<anonymous>)\n    at runWithTimeout (file:///C:/Users/PC15/Desktop/Projelerim/Learner/node_modules/@vitest/runner/dist/index.js:1209:10)\n    at file:///C:/Users/PC15/Desktop/Projelerim/Learner/node_modules/@vitest/runner/dist/index.js:1653:37"],"meta":{}},{"ancestorTitles":["E2E: Batch Backtest + PFLM Cache"],"fullName":"E2E: Batch Backtest + PFLM Cache should batch-backtest multiple strategies and sort by fitness","status":"failed","title":"should batch-backtest multiple strategies and sort by fitness","duration":2.665800000000047,"failureMessages":["TypeError: Cannot read properties of undefined (reading 'close')\n    at calculateEMA (C:/Users/PC15/Desktop/Projelerim/Learner/src/lib/engine/signal-engine.ts:65:27)\n    at calculateMACD (C:/Users/PC15/Desktop/Projelerim/Learner/src/lib/engine/signal-engine.ts:125:21)\n    at IndicatorCache.computeIndicator (C:/Users/PC15/Desktop/Projelerim/Learner/src/lib/engine/backtester.ts:189:30)\n    at IndicatorCache.getOrCompute (C:/Users/PC15/Desktop/Projelerim/Learner/src/lib/engine/backtester.ts:156:28)\n    at batchBacktest (C:/Users/PC15/Desktop/Projelerim/Learner/src/lib/engine/backtester.ts:787:19)\n    at C:/Users/PC15/Desktop/Projelerim/Learner/src/lib/engine/__tests__/integration-e2e.test.ts:319:25\n    at file:///C:/Users/PC15/Desktop/Projelerim/Learner/node_modules/@vitest/runner/dist/index.js:145:11\n    at file:///C:/Users/PC15/Desktop/Projelerim/Learner/node_modules/@vitest/runner/dist/index.js:915:26\n    at file:///C:/Users/PC15/Desktop/Projelerim/Learner/node_modules/@vitest/runner/dist/index.js:1243:20\n    at new Promise (<anonymous>)"],"meta":{}},{"ancestorTitles":["E2E: Batch Backtest + PFLM Cache"],"fullName":"E2E: Batch Backtest + PFLM Cache should produce consistent results with shared vs individual caches","status":"passed","title":"should produce consistent results with shared vs individual caches","duration":6.751599999999996,"failureMessages":[],"meta":{}},{"ancestorTitles":["E2E: Batch Backtest + PFLM Cache"],"fullName":"E2E: Batch Backtest + PFLM Cache should complete batch backtest faster with PFLM cache (performance)","status":"failed","title":"should complete batch backtest faster with PFLM cache (performance)","duration":3.6491000000000327,"failureMessages":["TypeError: Cannot read properties of undefined (reading 'close')\n    at calculateEMA (C:/Users/PC15/Desktop/Projelerim/Learner/src/lib/engine/signal-engine.ts:65:27)\n    at calculateMACD (C:/Users/PC15/Desktop/Projelerim/Learner/src/lib/engine/signal-engine.ts:125:21)\n    at IndicatorCache.computeIndicator (C:/Users/PC15/Desktop/Projelerim/Learner/src/lib/engine/backtester.ts:189:30)\n    at IndicatorCache.getOrCompute (C:/Users/PC15/Desktop/Projelerim/Learner/src/lib/engine/backtester.ts:156:28)\n    at batchBacktest (C:/Users/PC15/Desktop/Projelerim/Learner/src/lib/engine/backtester.ts:787:19)\n    at C:/Users/PC15/Desktop/Projelerim/Learner/src/lib/engine/__tests__/integration-e2e.test.ts:350:9\n    at file:///C:/Users/PC15/Desktop/Projelerim/Learner/node_modules/@vitest/runner/dist/index.js:145:11\n    at file:///C:/Users/PC15/Desktop/Projelerim/Learner/node_modules/@vitest/runner/dist/index.js:915:26\n    at file:///C:/Users/PC15/Desktop/Projelerim/Learner/node_modules/@vitest/runner/dist/index.js:1243:20\n    at new Promise (<anonymous>)"],"meta":{}},{"ancestorTitles":["E2E: Batch Backtest + PFLM Cache"],"fullName":"E2E: Batch Backtest + PFLM Cache should quickFitness agree with full backtest fitness","status":"passed","title":"should quickFitness agree with full backtest fitness","duration":5.476600000000019,"failureMessages":[],"meta":{}},{"ancestorTitles":["E2E: Complete Evolution Cycle"],"fullName":"E2E: Complete Evolution Cycle should complete genesis → evaluate → evolve cycle without crash","status":"failed","title":"should complete genesis → evaluate → evolve cycle without crash","duration":18.3399,"failureMessages":["TypeError: Cannot read properties of undefined (reading 'close')\n    at calculateEMA (C:/Users/PC15/Desktop/Projelerim/Learner/src/lib/engine/signal-engine.ts:65:27)\n    at calculateMACD (C:/Users/PC15/Desktop/Projelerim/Learner/src/lib/engine/signal-engine.ts:125:21)\n    at IndicatorCache.computeIndicator (C:/Users/PC15/Desktop/Projelerim/Learner/src/lib/engine/backtester.ts:189:30)\n    at IndicatorCache.getOrCompute (C:/Users/PC15/Desktop/Projelerim/Learner/src/lib/engine/backtester.ts:156:28)\n    at runBacktest (C:/Users/PC15/Desktop/Projelerim/Learner/src/lib/engine/backtester.ts:452:15)\n    at C:/Users/PC15/Desktop/Projelerim/Learner/src/lib/engine/__tests__/integration-e2e.test.ts:385:28\n    at file:///C:/Users/PC15/Desktop/Projelerim/Learner/node_modules/@vitest/runner/dist/index.js:145:11\n    at file:///C:/Users/PC15/Desktop/Projelerim/Learner/node_modules/@vitest/runner/dist/index.js:915:26\n    at file:///C:/Users/PC15/Desktop/Projelerim/Learner/node_modules/@vitest/runner/dist/index.js:1243:20\n    at new Promise (<anonymous>)"],"meta":{}},{"ancestorTitles":["E2E: Complete Evolution Cycle"],"fullName":"E2E: Complete Evolution Cycle should produce strategies with non-zero fitness after backtesting","status":"failed","title":"should produce strategies with non-zero fitness after backtesting","duration":0.7354000000000269,"failureMessages":["TypeError: Cannot read properties of undefined (reading 'close')\n    at calculateEMA (C:/Users/PC15/Desktop/Projelerim/Learner/src/lib/engine/signal-engine.ts:65:27)\n    at calculateMACD (C:/Users/PC15/Desktop/Projelerim/Learner/src/lib/engine/signal-engine.ts:125:21)\n    at IndicatorCache.computeIndicator (C:/Users/PC15/Desktop/Projelerim/Learner/src/lib/engine/backtester.ts:189:30)\n    at IndicatorCache.getOrCompute (C:/Users/PC15/Desktop/Projelerim/Learner/src/lib/engine/backtester.ts:156:28)\n    at runBacktest (C:/Users/PC15/Desktop/Projelerim/Learner/src/lib/engine/backtester.ts:452:15)\n    at C:/Users/PC15/Desktop/Projelerim/Learner/src/lib/engine/__tests__/integration-e2e.test.ts:406:28\n    at file:///C:/Users/PC15/Desktop/Projelerim/Learner/node_modules/@vitest/runner/dist/index.js:145:11\n    at file:///C:/Users/PC15/Desktop/Projelerim/Learner/node_modules/@vitest/runner/dist/index.js:915:26\n    at file:///C:/Users/PC15/Desktop/Projelerim/Learner/node_modules/@vitest/runner/dist/index.js:1243:20\n    at new Promise (<anonymous>)"],"meta":{}},{"ancestorTitles":["E2E: Complete Evolution Cycle"],"fullName":"E2E: Complete Evolution Cycle should maintain population size across 5 generations","status":"failed","title":"should maintain population size across 5 generations","duration":25.16840000000002,"failureMessages":["TypeError: Cannot read properties of undefined (reading 'close')\n    at calculateEMA (C:/Users/PC15/Desktop/Projelerim/Learner/src/lib/engine/signal-engine.ts:65:27)\n    at calculateMACD (C:/Users/PC15/Desktop/Projelerim/Learner/src/lib/engine/signal-engine.ts:125:21)\n    at IndicatorCache.computeIndicator (C:/Users/PC15/Desktop/Projelerim/Learner/src/lib/engine/backtester.ts:189:30)\n    at IndicatorCache.getOrCompute (C:/Users/PC15/Desktop/Projelerim/Learner/src/lib/engine/backtester.ts:156:28)\n    at runBacktest (C:/Users/PC15/Desktop/Projelerim/Learner/src/lib/engine/backtester.ts:452:15)\n    at C:/Users/PC15/Desktop/Projelerim/Learner/src/lib/engine/__tests__/integration-e2e.test.ts:428:32\n    at file:///C:/Users/PC15/Desktop/Projelerim/Learner/node_modules/@vitest/runner/dist/index.js:145:11\n    at file:///C:/Users/PC15/Desktop/Projelerim/Learner/node_modules/@vitest/runner/dist/index.js:915:26\n    at file:///C:/Users/PC15/Desktop/Projelerim/Learner/node_modules/@vitest/runner/dist/index.js:1243:20\n    at new Promise (<anonymous>)"],"meta":{}},{"ancestorTitles":["E2E: Complete Evolution Cycle"],"fullName":"E2E: Complete Evolution Cycle should calculate diversity index for any population","status":"passed","title":"should calculate diversity index for any population","duration":0.5923999999999978,"failureMessages":[],"meta":{}},{"ancestorTitles":["E2E: Market Scenario Testing"],"fullName":"E2E: Market Scenario Testing should complete backtest in bull trend without crash","status":"passed","title":"should complete backtest in bull trend without crash","duration":3.0634000000000015,"failureMessages":[],"meta":{}},{"ancestorTitles":["E2E: Market Scenario Testing"],"fullName":"E2E: Market Scenario Testing should complete backtest in bear crash without crash","status":"passed","title":"should complete backtest in bear crash without crash","duration":4.612599999999986,"failureMessages":[],"meta":{}},{"ancestorTitles":["E2E: Market Scenario Testing"],"fullName":"E2E: Market Scenario Testing should complete backtest in sideways market without crash","status":"passed","title":"should complete backtest in sideways market without crash","duration":3.041300000000035,"failureMessages":[],"meta":{}},{"ancestorTitles":["E2E: Market Scenario Testing"],"fullName":"E2E: Market Scenario Testing should complete backtest in high-volatility market without crash","status":"passed","title":"should complete backtest in high-volatility market without crash","duration":3.181600000000003,"failureMessages":[],"meta":{}},{"ancestorTitles":["E2E: LiveTradeExecutor Signal Logic"],"fullName":"E2E: LiveTradeExecutor Signal Logic should evaluate strategy signal without crashing for each scenario","status":"passed","title":"should evaluate strategy signal without crashing for each scenario","duration":0.726600000000019,"failureMessages":[],"meta":{}},{"ancestorTitles":["E2E: LiveTradeExecutor Signal Logic"],"fullName":"E2E: LiveTradeExecutor Signal Logic should return HOLD for insufficient candles","status":"passed","title":"should return HOLD for insufficient candles","duration":0.1039000000000101,"failureMessages":[],"meta":{}},{"ancestorTitles":["E2E: LiveTradeExecutor Signal Logic"],"fullName":"E2E: LiveTradeExecutor Signal Logic should detect different regimes for different market scenarios","status":"failed","title":"should detect different regimes for different market scenarios","duration":7.765699999999981,"failureMessages":["AssertionError: expected [ Array(5) ] to include undefined\n    at Proxy.<anonymous> (file:///C:/Users/PC15/Desktop/Projelerim/Learner/node_modules/@vitest/expect/dist/index.js:1252:15)\n    at Proxy.<anonymous> (file:///C:/Users/PC15/Desktop/Projelerim/Learner/node_modules/@vitest/expect/dist/index.js:1090:14)\n    at Proxy.methodWrapper (file:///C:/Users/PC15/Desktop/Projelerim/Learner/node_modules/chai/index.js:1700:25)\n    at C:/Users/PC15/Desktop/Projelerim/Learner/src/lib/engine/__tests__/integration-e2e.test.ts:528:45\n    at file:///C:/Users/PC15/Desktop/Projelerim/Learner/node_modules/@vitest/runner/dist/index.js:145:11\n    at file:///C:/Users/PC15/Desktop/Projelerim/Learner/node_modules/@vitest/runner/dist/index.js:915:26\n    at file:///C:/Users/PC15/Desktop/Projelerim/Learner/node_modules/@vitest/runner/dist/index.js:1243:20\n    at new Promise (<anonymous>)\n    at runWithTimeout (file:///C:/Users/PC15/Desktop/Projelerim/Learner/node_modules/@vitest/runner/dist/index.js:1209:10)\n    at file:///C:/Users/PC15/Desktop/Projelerim/Learner/node_modules/@vitest/runner/dist/index.js:1653:37"],"meta":{}},{"ancestorTitles":["E2E: LiveTradeExecutor Signal Logic"],"fullName":"E2E: LiveTradeExecutor Signal Logic should evaluate signal with open position context","status":"passed","title":"should evaluate signal with open position context","duration":0.19429999999999836,"failureMessages":[],"meta":{}},{"ancestorTitles":["E2E: HTF Candle Aggregation"],"fullName":"E2E: HTF Candle Aggregation should aggregate M15 candles to H1 correctly","status":"passed","title":"should aggregate M15 candles to H1 correctly","duration":1.3810000000000286,"failureMessages":[],"meta":{}},{"ancestorTitles":["E2E: HTF Candle Aggregation"],"fullName":"E2E: HTF Candle Aggregation should build HTF candle map for H1 → H4, D1","status":"failed","title":"should build HTF candle map for H1 → H4, D1","duration":0.26080000000001746,"failureMessages":["TypeError: (0 , __vite_ssr_import_3__.buildHTFCandleMap) is not a function\n    at C:/Users/PC15/Desktop/Projelerim/Learner/src/lib/engine/__tests__/integration-e2e.test.ts:590:24\n    at file:///C:/Users/PC15/Desktop/Projelerim/Learner/node_modules/@vitest/runner/dist/index.js:145:11\n    at file:///C:/Users/PC15/Desktop/Projelerim/Learner/node_modules/@vitest/runner/dist/index.js:915:26\n    at file:///C:/Users/PC15/Desktop/Projelerim/Learner/node_modules/@vitest/runner/dist/index.js:1243:20\n    at new Promise (<anonymous>)\n    at runWithTimeout (file:///C:/Users/PC15/Desktop/Projelerim/Learner/node_modules/@vitest/runner/dist/index.js:1209:10)\n    at file:///C:/Users/PC15/Desktop/Projelerim/Learner/node_modules/@vitest/runner/dist/index.js:1653:37\n    at Traces.$ (file:///C:/Users/PC15/Desktop/Projelerim/Learner/node_modules/vitest/dist/chunks/traces.CCmnQaNT.js:142:27)\n    at trace (file:///C:/Users/PC15/Desktop/Projelerim/Learner/node_modules/vitest/dist/chunks/test.B8ej_ZHS.js:239:21)\n    at runTest (file:///C:/Users/PC15/Desktop/Projelerim/Learner/node_modules/@vitest/runner/dist/index.js:1653:12)"],"meta":{}},{"ancestorTitles":["E2E: HTF Candle Aggregation"],"fullName":"E2E: HTF Candle Aggregation should not produce HTF aggregation for same or lower timeframe","status":"failed","title":"should not produce HTF aggregation for same or lower timeframe","duration":0.21739999999999782,"failureMessages":["TypeError: (0 , __vite_ssr_import_3__.buildHTFCandleMap) is not a function\n    at C:/Users/PC15/Desktop/Projelerim/Learner/src/lib/engine/__tests__/integration-e2e.test.ts:611:24\n    at file:///C:/Users/PC15/Desktop/Projelerim/Learner/node_modules/@vitest/runner/dist/index.js:145:11\n    at file:///C:/Users/PC15/Desktop/Projelerim/Learner/node_modules/@vitest/runner/dist/index.js:915:26\n    at file:///C:/Users/PC15/Desktop/Projelerim/Learner/node_modules/@vitest/runner/dist/index.js:1243:20\n    at new Promise (<anonymous>)\n    at runWithTimeout (file:///C:/Users/PC15/Desktop/Projelerim/Learner/node_modules/@vitest/runner/dist/index.js:1209:10)\n    at file:///C:/Users/PC15/Desktop/Projelerim/Learner/node_modules/@vitest/runner/dist/index.js:1653:37\n    at Traces.$ (file:///C:/Users/PC15/Desktop/Projelerim/Learner/node_modules/vitest/dist/chunks/traces.CCmnQaNT.js:142:27)\n    at trace (file:///C:/Users/PC15/Desktop/Projelerim/Learner/node_modules/vitest/dist/chunks/test.B8ej_ZHS.js:239:21)\n    at runTest (file:///C:/Users/PC15/Desktop/Projelerim/Learner/node_modules/@vitest/runner/dist/index.js:1653:12)"],"meta":{}},{"ancestorTitles":["E2E: HTF Candle Aggregation"],"fullName":"E2E: HTF Candle Aggregation should aggregate volume correctly (sum of source candles)","status":"passed","title":"should aggregate volume correctly (sum of source candles)","duration":0.11740000000008877,"failureMessages":[],"meta":{}},{"ancestorTitles":["E2E: Fitness Convergence Across Generations"],"fullName":"E2E: Fitness Convergence Across Generations should not degrade best fitness across evolution generations","status":"failed","title":"should not degrade best fitness across evolution generations","duration":0.6109000000000151,"failureMessages":["TypeError: Cannot read properties of undefined (reading 'close')\n    at calculateEMA (C:/Users/PC15/Desktop/Projelerim/Learner/src/lib/engine/signal-engine.ts:65:27)\n    at calculateMACD (C:/Users/PC15/Desktop/Projelerim/Learner/src/lib/engine/signal-engine.ts:125:21)\n    at IndicatorCache.computeIndicator (C:/Users/PC15/Desktop/Projelerim/Learner/src/lib/engine/backtester.ts:189:30)\n    at IndicatorCache.getOrCompute (C:/Users/PC15/Desktop/Projelerim/Learner/src/lib/engine/backtester.ts:156:28)\n    at runBacktest (C:/Users/PC15/Desktop/Projelerim/Learner/src/lib/engine/backtester.ts:452:15)\n    at C:/Users/PC15/Desktop/Projelerim/Learner/src/lib/engine/__tests__/integration-e2e.test.ts:659:32\n    at file:///C:/Users/PC15/Desktop/Projelerim/Learner/node_modules/@vitest/runner/dist/index.js:145:11\n    at file:///C:/Users/PC15/Desktop/Projelerim/Learner/node_modules/@vitest/runner/dist/index.js:915:26\n    at file:///C:/Users/PC15/Desktop/Projelerim/Learner/node_modules/@vitest/runner/dist/index.js:1243:20\n    at new Promise (<anonymous>)"],"meta":{}},{"ancestorTitles":["E2E: Fitness Convergence Across Generations"],"fullName":"E2E: Fitness Convergence Across Generations should produce strategies that generate some trades on trending data","status":"failed","title":"should produce strategies that generate some trades on trending data","duration":0.477800000000002,"failureMessages":["TypeError: Cannot read properties of undefined (reading 'close')\n    at calculateEMA (C:/Users/PC15/Desktop/Projelerim/Learner/src/lib/engine/signal-engine.ts:65:27)\n    at calculateMACD (C:/Users/PC15/Desktop/Projelerim/Learner/src/lib/engine/signal-engine.ts:125:21)\n    at IndicatorCache.computeIndicator (C:/Users/PC15/Desktop/Projelerim/Learner/src/lib/engine/backtester.ts:189:30)\n    at IndicatorCache.getOrCompute (C:/Users/PC15/Desktop/Projelerim/Learner/src/lib/engine/backtester.ts:156:28)\n    at batchBacktest (C:/Users/PC15/Desktop/Projelerim/Learner/src/lib/engine/backtester.ts:787:19)\n    at C:/Users/PC15/Desktop/Projelerim/Learner/src/lib/engine/__tests__/integration-e2e.test.ts:683:25\n    at file:///C:/Users/PC15/Desktop/Projelerim/Learner/node_modules/@vitest/runner/dist/index.js:145:11\n    at file:///C:/Users/PC15/Desktop/Projelerim/Learner/node_modules/@vitest/runner/dist/index.js:915:26\n    at file:///C:/Users/PC15/Desktop/Projelerim/Learner/node_modules/@vitest/runner/dist/index.js:1243:20\n    at new Promise (<anonymous>)"],"meta":{}},{"ancestorTitles":["E2E: Fitness Convergence Across Generations"],"fullName":"E2E: Fitness Convergence Across Generations should adapt mutation rate based on stagnation","status":"passed","title":"should adapt mutation rate based on stagnation","duration":0.13019999999994525,"failureMessages":[],"meta":{}},{"ancestorTitles":["E2E: Edge Cases"],"fullName":"E2E: Edge Cases should handle backtest with minimum candles (warmup + 1)","status":"passed","title":"should handle backtest with minimum candles (warmup + 1)","duration":0.1815000000000282,"failureMessages":[],"meta":{}},{"ancestorTitles":["E2E: Edge Cases"],"fullName":"E2E: Edge Cases should handle backtest with fewer candles than warmup","status":"passed","title":"should handle backtest with fewer candles than warmup","duration":0.10630000000003292,"failureMessages":[],"meta":{}},{"ancestorTitles":["E2E: Edge Cases"],"fullName":"E2E: Edge Cases should handle strategy with no matching indicator for signal","status":"passed","title":"should handle strategy with no matching indicator for signal","duration":1.2601999999999407,"failureMessages":[],"meta":{}},{"ancestorTitles":["E2E: Edge Cases"],"fullName":"E2E: Edge Cases should handle empty candle array gracefully","status":"passed","title":"should handle empty candle array gracefully","duration":0.09859999999991942,"failureMessages":[],"meta":{}},{"ancestorTitles":["E2E: Edge Cases"],"fullName":"E2E: Edge Cases should handle batch backtest with empty strategy list","status":"passed","title":"should handle batch backtest with empty strategy list","duration":0.08459999999990941,"failureMessages":[],"meta":{}}],"startTime":1772921563380,"endTime":1772921563515.2603,"status":"failed","message":"","name":"C:/Users/PC15/Desktop/Projelerim/Learner/src/lib/engine/__tests__/integration-e2e.test.ts"}]}
